2020-06-28T02:05:28.432Z - main:[debug]: start main
2020-06-28T02:06:02.620Z - main:[debug]: start main
2020-06-28T02:06:04.334Z - main:[debug]: start main
2020-06-28T02:06:37.460Z - main:[debug]: start main {"AppServer":"http://localhost/app/","WebServer":"http://localhost/www/","logLevel":"debug"}
2020-06-28T02:08:30.045Z - main:[debug]: start main {"AppServer":"http://localhost/app/","WebServer":"http://localhost/www/","logLevel":"debug"}
2020-06-28T02:08:42.168Z - main:[debug]: start main {"AppServer":"http://localhost/app/","WebServer":"http://localhost/www/","logLevel":"debug"}
2020-06-28T02:12:09.330Z - main:[debug]: start main {"AppServer":"http://localhost/app/","WebServer":"http://localhost/www/","logLevel":"debug"}
2020-06-28T02:12:11.660Z - main:[debug]: start main {"AppServer":"http://localhost/app/","WebServer":"http://localhost/www/","logLevel":"debug"}
2020-06-28T02:12:34.979Z - main:[debug]: start main {"AppServer":"http://localhost/app/","WebServer":"http://localhost/www/","logLevel":"debug"}
2020-06-28T02:13:09.425Z - main:[debug]: start main {"AppServer":"http://localhost/app/","WebServer":"http://localhost/www/","logLevel":"debug"}
2020-06-28T02:13:19.936Z - main:[debug]: start main {"AppServer":"http://localhost/app/","WebServer":"http://localhost/www/","logLevel":"debug"}
2020-06-28T02:13:25.729Z - main:[debug]: start main {"AppServer":"http://localhost/app/","WebServer":"http://localhost/www/","logLevel":"debug"}
2020-06-28T02:13:27.575Z - main:[debug]: start main {"AppServer":"http://localhost/app/","WebServer":"http://localhost/www/","logLevel":"debug"}
2020-06-28T02:14:22.501Z - main:[debug]: start main {"AppServer":"http://localhost/app/","WebServer":"http://localhost/www/","logLevel":"debug"}
2020-06-28T02:14:35.937Z - main:[debug]: start main {"AppServer":"http://localhost/app/","WebServer":"http://localhost/www/","logLevel":"debug"}
2020-06-28T02:14:43.984Z - main:[debug]: start main {"AppServer":"http://localhost/app/","WebServer":"http://localhost/www/","logLevel":"debug"}
2020-06-28T02:14:47.546Z - main:[debug]: start main {"AppServer":"http://localhost/app/","WebServer":"http://localhost/www/","logLevel":"debug"}
2020-06-28T02:15:21.545Z - main:[debug]: start main {"AppServer":"http://localhost/app/","WebServer":"http://localhost/www/","logLevel":"debug"}
2020-06-28T02:15:27.811Z - main:[debug]: start main {"AppServer":"http://localhost/app/","WebServer":"http://localhost/www/","logLevel":"debug"}
2020-06-28T02:16:30.282Z - main:[debug]: start main {"AppServer":"http://localhost/app/","WebServer":"http://localhost/www/","logLevel":"debug"}
2020-06-28T02:16:44.428Z - main:[debug]: start main {"AppServer":"http://localhost/app/","WebServer":"http://localhost/www/","logLevel":"debug"}
2020-06-28T02:17:27.685Z - main:[debug]: start main {"AppServer":"http://localhost/app/","WebServer":"http://localhost/www/","logLevel":"debug"}
2020-06-28T02:17:31.914Z - main:[debug]: start main {"AppServer":"http://localhost/app/","WebServer":"http://localhost/www/","logLevel":"debug"}
2020-06-28T02:17:33.834Z - main:[debug]: start main {"AppServer":"http://localhost/app/","WebServer":"http://localhost/www/","logLevel":"debug"}
2020-06-28T02:17:45.820Z - main:[debug]: start main {"AppServer":"http://localhost/app/","WebServer":"http://localhost/www/","logLevel":"debug"}
2020-06-28T02:27:52.292Z - main:[debug]: start main {"AppServer":"http://localhost/app/","WebServer":"http://localhost/www/","logLevel":"debug"}
2020-06-28T02:43:43.753Z - main:[debug]: start main {"AppServer":"http://localhost/app/","WebServer":"http://localhost/www/","logLevel":"debug"}
2020-06-28T02:44:40.681Z - main:[debug]: start main {"AppServer":"http://localhost:9090/api/","WebServer":"http://localhost/","logLevel":"debug"}
2020-06-28T02:50:36.657Z - main:[debug]: start main {"AppServer":"http://localhost:9090/api/","WebServer":"http://localhost/","logLevel":"debug"}
2020-06-28T02:51:19.567Z - main:[debug]: start main {"AppServer":"http://localhost:9090/api/","WebServer":"http://localhost/","logLevel":"debug"}
2020-06-28T02:51:19.692Z - main:[debug]: app ready
2020-06-28T02:51:19.833Z - main:[info]: Checking for update
2020-06-28T02:51:24.531Z - main:[error]: Error: Error: net::ERR_CONNECTION_REFUSED
    at SimpleURLLoaderWrapper.<anonymous> (electron/js2c/browser_init.js:2575:21)
    at SimpleURLLoaderWrapper.emit (events.js:223:5)
2020-06-28T02:51:24.535Z - main:[error]: update error:Error: net::ERR_CONNECTION_REFUSED
